<?xml version="1.0" encoding="UTF-8"?>
<testng-results skipped="0" failed="0" ignored="0" total="1" passed="1">
  <reporter-output>
  </reporter-output>
  <suite name="Default suite" duration-ms="139299" started-at="2017-11-14T16:46:34Z" finished-at="2017-11-14T16:48:54Z">
    <groups>
    </groups>
    <test name="Default test" duration-ms="139299" started-at="2017-11-14T16:46:34Z" finished-at="2017-11-14T16:48:54Z">
      <class name="com.test.appium.CoCoin.AppiumTestNativeApp">
        <test-method status="PASS" signature="beforeTest()[pri:0, instance:com.test.appium.CoCoin.AppiumTestNativeApp@5bcab519]" name="beforeTest" is-config="true" duration-ms="62489" started-at="2017-11-14T17:46:34Z" finished-at="2017-11-14T17:47:37Z">
          <reporter-output>
          </reporter-output>
        </test-method> <!-- beforeTest -->
        <test-method status="PASS" signature="f()[pri:0, instance:com.test.appium.CoCoin.AppiumTestNativeApp@5bcab519]" name="f" duration-ms="72248" started-at="2017-11-14T17:47:37Z" finished-at="2017-11-14T17:48:49Z">
          <reporter-output>
          </reporter-output>
        </test-method> <!-- f -->
        <test-method status="PASS" signature="afterTest()[pri:0, instance:com.test.appium.CoCoin.AppiumTestNativeApp@5bcab519]" name="afterTest" is-config="true" duration-ms="4513" started-at="2017-11-14T17:48:49Z" finished-at="2017-11-14T17:48:54Z">
          <reporter-output>
          </reporter-output>
        </test-method> <!-- afterTest -->
      </class> <!-- com.test.appium.CoCoin.AppiumTestNativeApp -->
    </test> <!-- Default test -->
  </suite> <!-- Default suite -->
</testng-results>
